394837	code-server
388362	libgl1-mesa-dri
155621	linux-modules-5.15.0-1072-aws
155577	linux-modules-5.15.0-1071-aws
155577	linux-modules-5.15.0-1070-aws
155575	linux-modules-5.15.0-1069-aws
155544	linux-modules-5.15.0-1067-aws
155538	linux-modules-5.15.0-1066-aws
155536	linux-modules-5.15.0-1065-aws
155526	linux-modules-5.15.0-1068-aws
155306	linux-modules-5.15.0-1064-aws
155306	linux-modules-5.15.0-1063-aws
122032	linux-modules-5.15.0-1034-aws
122013	linux-modules-5.15.0-1033-aws
122002	linux-modules-5.15.0-1031-aws
121997	linux-modules-5.15.0-1035-aws
113581	linux-modules-5.15.0-1030-aws
113521	linux-modules-5.15.0-1027-aws
113520	linux-modules-5.15.0-1028-aws
113502	linux-modules-5.15.0-1026-aws
113499	linux-modules-5.15.0-1023-aws
113474	linux-modules-5.15.0-1022-aws
113473	linux-modules-5.15.0-1021-aws
113439	linux-modules-5.15.0-1020-aws
113390	linux-modules-5.15.0-1019-aws
111846	linux-modules-5.15.0-1017-aws
106295	linux-modules-5.15.0-1015-aws
101464	snapd
95660	linux-modules-5.13.0-1031-aws
95658	linux-modules-5.13.0-1029-aws
95658	linux-modules-5.13.0-1028-aws
95654	linux-modules-5.13.0-1025-aws
95654	linux-modules-5.13.0-1023-aws
95632	linux-modules-5.13.0-1022-aws
95602	linux-modules-5.13.0-1021-aws
95593	linux-modules-5.13.0-1019-aws
95546	linux-modules-5.13.0-1017-aws
95545	linux-modules-5.13.0-1014-aws
92759	linux-modules-5.11.0-1028-aws
92714	linux-modules-5.11.0-1022-aws
91343	nodejs
89408	libllvm12
77553	linux-aws-5.15-headers-5.15.0-1072
77523	linux-aws-5.15-headers-5.15.0-1071
77200	linux-aws-5.15-headers-5.15.0-1035
75293	linux-aws-5.11-headers-5.11.0-1022
36000	git
32774	libicu66
30771	vim-runtime
29931	mesa-vulkan-drivers
29840	gcc-9
28016	g++-9
27090	libperl5.30
26263	linux-headers-5.11.0-1022-aws
26238	cpp-9
25939	linux-headers-5.15.0-1071-aws
25674	linux-headers-5.15.0-1035-aws
20754	humanity-icon-theme
19554	libpython3.8-dev
19553	iso-codes
19081	libc6-dev
17967	neovim-runtime
17645	libstdc++-9-dev
17230	perl-modules-5.30
17196	locales
15316	systemd
15239	linux-image-5.11.0-1022-aws
14965	libasan5
14434	linux-image-5.11.0-1028-aws
13887	libgcc-9-dev
13773	intel-microcode
13491	qtbase5-dev
13340	grub-common
13239	libc6
12334	python3-twisted
12145	qttranslations5-l10n
12050	libqt5gui5
11368	linux-image-5.15.0-1072-aws
11367	linux-image-5.15.0-1068-aws
11367	linux-image-5.15.0-1065-aws
11366	linux-image-5.15.0-1071-aws
11366	linux-image-5.15.0-1070-aws
11365	linux-image-5.15.0-1069-aws
11365	linux-image-5.15.0-1067-aws
11364	linux-image-5.15.0-1066-aws
11353	linux-image-5.15.0-1064-aws
11349	linux-image-5.15.0-1063-aws
11265	linux-image-5.15.0-1035-aws
11265	linux-image-5.15.0-1034-aws
11263	linux-image-5.15.0-1031-aws
11261	linux-image-5.15.0-1033-aws
11259	linux-image-5.15.0-1030-aws
11254	linux-image-5.15.0-1028-aws
11251	linux-image-5.15.0-1027-aws
11246	linux-image-5.15.0-1023-aws
11245	linux-image-5.15.0-1026-aws
11243	linux-image-5.15.0-1022-aws
11243	linux-image-5.15.0-1021-aws
11237	linux-image-5.15.0-1020-aws
11232	linux-image-5.15.0-1019-aws
11225	linux-image-5.15.0-1017-aws
10804	linux-image-5.15.0-1015-aws
10791	perl-base
10001	linux-image-5.13.0-1014-aws
9998	linux-image-5.13.0-1023-aws
9998	linux-image-5.13.0-1022-aws
9997	linux-image-5.13.0-1031-aws
9997	linux-image-5.13.0-1029-aws
9997	linux-image-5.13.0-1028-aws
9997	linux-image-5.13.0-1025-aws
9994	linux-image-5.13.0-1021-aws
9994	linux-image-5.13.0-1019-aws
9990	linux-image-5.13.0-1017-aws
9848	binutils-x86-64-linux-gnu
9831	libgtk-3-0
9452	librsvg2-2
9191	udev
9012	libtsan0
8901	libpython2.7-stdlib
7899	libpython3.8-stdlib
7398	libqt5widgets5
7258	libvulkan-dev
7196	coreutils
6741	dpkg
6295	linux-libc-dev
5874	libqt5core5a
5723	libmagic-mgc
5591	ubuntu-mono
5475	python3.8-minimal
5444	fwupd
5403	libpython3.8
5135	adwaita-icon-theme
4930	apache2-bin
4809	libpython3.8-minimal
4543	util-linux
4358	libnss3
4207	apt
4183	ncurses-term
4126	openssh-client
4034	libssl1.1
4020	xkb-data
4016	btrfs-progs
3999	libglib2.0-0
3985	tzdata
3940	libgstreamer1.0-0
3879	manpages-dev
3860	lvm2
3714	libc-bin
3710	python2.7-minimal
3586	groff-base
3461	bind9-libs
3433	neovim
3312	libapt-pkg6.0
3265	ubuntu-advantage-tools
3222	liblsan0
3203	qtbase5-dev-tools
3166	open-vm-tools
3104	grub-pc-bin
3072	qt5-qmake-bin
3048	vim
3015	libubsan1
2954	fonts-dejavu-core
2816	man-db
2790	liblvm2cmd2.03
2782	libpython2.7-minimal
2776	cloud-init
2730	iproute2
2708	sosreport
2696	libbinutils
2676	xfsprogs
2669	passwd
2652	shared-mime-info
2639	iptables
2623	libqt5network5
2608	sg3-utils
2530	libx11-dev
2440	libstdc++6
2297	libdns-export1109
2262	python-pip-whl
2224	busybox-static
2204	sudo
2192	libgnutls30
2180	libdpkg-perl
2075	dpkg-dev
1978	apparmor
1926	libisl22
1924	libxml2
1781	git-man
1766	console-setup-linux
1749	libdb5.3
1722	language-selector-common
1660	gawk
1660	bash
1655	rsyslog
1654	x11proto-dev
1624	libslang2
1613	strace
1593	python3-cryptography
1584	packagekit
1582	libunistring2
1557	manpages
1550	gnupg-utils
1540	vim-tiny
1539	qt5-qmake
1516	ntfs-3g
1507	libx11-data
1499	openssh-server
1491	e2fsprogs
1487	bash-completion
1434	python3-setuptools
1432	open-iscsi
1382	thin-provisioning-tools
1375	libx11-6
1372	libepoxy0
1363	python3-distutils
1356	libgl-dev
1340	kbd
1330	libcairo2
1323	libsqlite3-0
1310	grub2-common
1271	libp11-kit0
1257	openssl
1226	mdadm
1224	libgcrypt20
1222	nginx-core
1193	pci.ids
1181	libtss2-esys0
1179	multipath-tools
1166	libpam-modules
1162	update-notifier-common
1135	gpg
1128	udisks2
1122	libkrb5-3
1122	libasound2
1096	libmpfr6
1087	tcpdump
1072	libharfbuzz0b
1025	python3-pip
998	screen
988	wget
987	libisns0
975	libglu1-mesa-dev
932	login
918	dirmngr
911	gpg-agent
884	tar
877	libsystemd0
876	plymouth
861	lshw
860	gdisk
856	libexpat1-dev
853	apache2-data
848	nano
845	libarchive13
837	libfreetype6
836	apt-utils
829	ufw
827	keyboard-configuration
816	procps
813	libqt5dbus5
812	info
795	libasn1-8-heimdal
792	apport
781	debconf-i18n
771	libqt5printsupport5
770	libcups2
751	libbrotli1
747	tmux
746	perl
734	libsepol1
730	isc-dhcp-client
729	libsoup2.4-1
725	libglvnd0
722	libwacom-common
715	python3-apt
702	python3-lib2to3
700	libzstd1
698	libcurl4
692	python3-gi
692	libpixman-1-0
690	libcurl3-gnutls
687	libxcb1-dev
685	python3-zope.interface
677	rsync
671	libpcre3
668	findutils
666	libkrb5-26-heimdal
657	libgl1
650	gir1.2-glib-2.0
642	ncurses-bin
637	bsdmainutils
634	python3-distupgrade
632	libpam-systemd
624	byobu
624	adduser
620	libgdk-pixbuf2.0-0
619	usb.ids
619	dbus
608	libcolord2
596	libpcre2-8-0
593	zlib1g-dev
591	python3-apport
587	libglx-mesa0
586	libthai-data
572	libqt5opengl5
568	python3-pkg-resources
568	gpgsm
567	libgmp10
566	qt5-gtk-platformtheme
560	policykit-1
559	libjpeg-turbo8
558	libtiff5
554	grub-pc
549	libfdisk1
544	cryptsetup-bin
543	libudisks2-0
543	libpcre2-16-0
542	klibc-utils
541	xdg-user-dirs
540	python3-oauthlib
540	libext2fs2
537	sound-theme-freedesktop
537	libtinfo6
532	diffutils
532	apache2
529	bind9-dnsutils
524	python3-yaml
523	libldap-2.4-2
521	bolt
520	debconf
517	libisc-export1105
516	python3.8-dev
511	libluajit-5.1-2
510	python3.8
506	libqt5test5
506	fdisk
504	libqt5sql5
499	lua-luv
499	gpgv
496	grep
495	libxslt1.1
495	libssh-4
495	libcryptsetup12
493	libqt5svg5
484	libdevmapper1.02.1
483	python3-jinja2
482	libmount1
471	libglu1-mesa
467	python3-serial
466	libdbus-1-3
457	libparted2
456	accountsservice
455	lsof
455	libqt5xml5
452	libgd3
451	libxt6
450	ethtool
448	libfwupdplugin1
443	libc-dev-bin
441	libreadline8
440	unattended-upgrades
440	libblkid1
440	hicolor-icon-theme
438	libpackagekit-glib2-18
435	libxmlsec1
434	mount
432	sbsigntool
431	libwebp6
431	liblua5.2-0
428	libappstream4
428	console-setup
427	libgssapi-krb5-2
424	binutils-common
420	python3-dbus
420	libgtk-3-common
418	libpango-1.0-0
418	libncursesw6
418	libltdl7
417	python3-urllib3
416	libplymouth5
413	gnupg
411	python3-chardet
409	gpgconf
404	libnss-systemd
403	libexpat1
403	curl
402	libsodium23
400	landscape-common
399	ca-certificates
398	cryptsetup
396	libnettle7
396	libevent-2.1-7
395	apache2-utils
392	base-files
389	liblcms2-2
385	libfwupd2
384	make
382	python2.7
381	vim-common
381	ncurses-base
380	gnupg-l10n
377	netplan.io
372	python3-wadllib
369	fontconfig
368	ltrace
368	libaccountsservice0
368	cpio
368	busybox-initramfs
366	libntfs-3g883
364	gettext-base
363	python3-pyasn1-modules
361	libvulkan1
361	liburcu6
361	libhx509-5-heimdal
358	python3-pyasn1
357	libstemmer0d
355	python3-nacl
355	libgpgme11
348	xz-utils
345	libpcap0.8
344	squashfs-tools
344	libinput10
341	libpng16-16
341	libegl-mesa0
340	ubuntu-release-upgrader-core
339	libudev1
339	libpam-modules-bin
338	libsmartcols1
338	alsa-ucm-conf
337	libncurses6
336	sed
334	libglib2.0-bin
330	libgtk-3-bin
328	libreadline5
325	libgssapi3-heimdal
321	python3-idna
321	libcrypt-dev
320	usbutils
319	python3-certifi
318	python3-debian
318	libnspr4
318	libfontconfig1
313	x11-common
313	libxext-dev
313	libfuse2
309	publicsuffix
307	libqt5opengl5-dev
305	libsemanage1
305	libglapi-mesa
304	libquadmath0
304	libpam-runtime
304	bsdutils
302	xtrans-dev
301	less
300	libxmlsec1-openssl
300	libsmbios-c2
300	libk5crypto3
293	python3-click
286	libgomp1
284	psmisc
284	gsettings-desktop-schemas
284	at-spi2-core
282	libaprutil1
281	libxkbcommon0
280	libnetplan0
277	libsgutils2-2
277	libfuse3-3
275	libhcrypto4-heimdal
275	initramfs-tools-core
275	gpg-wks-client
274	nginx-common
272	libapr1
271	gcc-10-base
270	dmsetup
268	python-apt-common
267	liblzma5
267	libksba8
265	gcc-9-base
262	cron
259	python3-jsonschema
258	libgirepository-1.0-1
255	kmod
255	gpg-wks-server
254	python3-update-manager
253	python3-pyrsistent
251	libuv1
250	python3-simplejson
250	libedit2
247	libqt5sql5-sqlite
245	hdparm
245	gzip
244	systemd-timesyncd
244	dmeventd
243	python3-msgpack
243	python3-launchpadlib
243	libmpdec2
242	libatk-bridge2.0-0
239	libatspi2.0-0
237	libhogweed5
236	libsasl2-modules
235	install-info
233	python3-openssl
233	mawk
233	base-passwd
232	patch
231	libpam0g
231	libnginx-mod-stream
230	debianutils
228	python3-requests
227	fakeroot
226	libcrypt1
226	bc
222	lz4
221	libnftnl11
220	libmagic1
220	htop
216	libnghttp2-14
216	libidn2-0
215	libasound2-data
214	dmidecode
213	uuid-runtime
212	dash
211	dosfstools
210	libvorbis0a
209	python3-cffi-backend
209	glib-networking
207	xxd
207	libblockdev2
206	libxcb1
206	libwind0-heimdal
206	libluajit-5.1-common
205	libqt5concurrent5
203	libgraphite2-3
202	libselinux1
199	libbsd0
198	libctf-nobfd0
197	python3-more-itertools
196	software-properties-common
196	libnewt0.52
196	libatk1.0-0
195	libjson-glib-1.0-0
195	bzip2
193	python3-pexpect
192	update-manager-core
191	pciutils
189	python3-systemd
189	python3
188	ucf
188	libvolume-key1
188	libunwind8
186	libdrm-intel1
185	python3-lazr.restfulclient
184	libuchardet0
184	libelf1
179	python3-problem-report
177	systemd-sysv
177	bind9-host
176	libgpg-error0
175	liblzo2-2
172	eject
170	libefivar1
170	fontconfig-config
169	libapparmor1
168	libkrb5support0
167	parted
166	qt5-default
165	libxmlb1
165	libfido2-1
164	zlib1g
164	mtr-tiny
163	libglx0
163	isc-dhcp-common
160	python3-hyperlink
160	python3-configobj
160	libparted-fs-resize0
160	libnginx-mod-mail
160	alsa-topology-conf
159	telnet
159	python3-attr
159	libxcb-xinput0
159	at
157	libxcb-xkb1
157	libpolkit-gobject-1-0
157	libfakeroot
157	libaudit1
156	python3-hamcrest
156	libproxy1v5
156	libcc1-0
155	python3-keyring
155	cryptsetup-initramfs
155	acpid
154	libxcb-glx0
154	gtk-update-icon-cache
152	pastebinit
152	libseccomp2
152	libsasl2-2
149	liblz4-1
148	python3-software-properties
148	libyaml-0-2
147	python3-pynvim
145	libroken18-heimdal
145	libpangoft2-1.0-0
145	initramfs-tools
144	python2-minimal
144	librtmp1
144	libgbm1
143	logrotate
142	libnetfilter-conntrack3
142	libkmod2
142	ftp
141	python3-automat
141	openssh-sftp-server
141	irqbalance
139	libtdb1
139	libfribidi0
138	packagekit-tools
136	python2
136	libusb-1.0-0
136	libevdev2
133	initramfs-tools-bin
133	init-system-helpers
132	krb5-locales
130	python3-httplib2
130	libctf0
130	libavahi-client3
128	qtchooser
128	libprocps8
128	libdrm2
127	libxmu6
127	libfile-fcntllock-perl
127	dbus-user-session
126	libefiboot1
125	libtasn1-6
123	libuuid1
122	popularity-contest
122	libinput-bin
122	amd64-microcode
121	libcanberra0
121	gir1.2-packagekitglib-1.0
120	python3-minimal
120	libpopt0
120	libice6
120	libgcc-s1
117	libpci3
117	libegl-dev
117	libcap2-bin
116	libpangocairo-1.0-0
115	librest-0.7-0
115	libitm1
114	mime-support
114	libklibc
114	libheimbase1-heimdal
114	dconf-service
113	fuse
112	libavahi-common-data
111	os-prober
110	libxext6
110	libmpc3
110	libavahi-common3
109	libxtables12
109	libwrap0
109	liblmdb0
109	libatm1
108	netcat-openbsd
108	libss2
108	libegl1
108	ed
108	binutils
107	libwayland-server0
107	libdconf1
107	bcache-tools
106	python3-newt
106	libxcb-randr0
106	libdouble-conversion3
106	libalgorithm-diff-perl
105	libassuan0
105	iputils-ping
104	libglib2.0-data
102	python3-wheel
102	libldap-common
101	xorg-sgml-doctools
100	pinentry-curses
100	libsensors5
100	libjcat1
100	libcom-err2
100	kpartx
99	libbz2-1.0
98	libxpm4
98	libgcab-1.0-0
98	libcairo-gobject2
98	iucode-tool
96	libthai0
96	libmspack0
95	python3-incremental
95	libunibilium4
95	libdrm-radeon1
93	python3-colorama
93	libgusb2
92	pollinate
92	logsave
92	libxi6
92	libjson-c4
92	fuse3
91	libpsl5
89	libglx-dev
87	python3-jwt
87	python3-gdbm
87	libgdbm6
87	dconf-gsettings-backend
86	libxcb-render0
86	libheimntlm0-heimdal
86	file
85	libx11-xcb1
85	libwayland-client0
85	libvterm0
84	libpipeline1
84	libdrm-amdgpu1
83	python3-pymacaroons
82	libnginx-mod-http-image-filter
82	libjbig0
82	libip6tc2
82	libip4tc2
82	libgdk-pixbuf2.0-bin
82	libdrm-nouveau2
82	libcbor0.6
81	libblockdev-fs2
79	readline-common
79	plymouth-theme-ubuntu-text
79	libpolkit-agent-1-0
79	libjansson4
78	time
78	python3-netifaces
78	cryptsetup-run
77	xauth
77	libnginx-mod-http-xslt-filter
76	libfl2
76	fwupd-signed
75	whiptail
74	sysvinit-utils
74	python3-lazr.uri
74	libdebconfclient0
74	libatasmart4
72	libnuma1
72	iputils-tracepath
71	libwacom2
71	liberror-perl
71	libdevmapper-event1.02.1
70	libogg0
70	libgl1-mesa-glx
70	libacl1
69	python3-distro
69	networkd-dispatcher
69	libxrandr2
68	libxdmcp-dev
68	distro-info
67	libxcursor1
67	libblockdev-crypto2
66	lsb-release
66	libsasl2-modules-db
65	overlayroot
65	libmaxminddb0
65	libgudev-1.0-0
65	libffi7
65	ec2-hibinit-agent
64	libblockdev-part2
64	cpp
63	ssl-cert
63	linux-base
63	libvorbisfile3
63	libtermkey1
63	librsvg2-common
63	fonts-ubuntu-console
62	sensible-utils
62	libdatrie1
61	libpciaccess0
61	libfastjson4
61	apport-symptoms
60	libxrender1
60	libxcb-xfixes0
60	libblockdev-utils2
60	cloud-guest-utils
59	xclip
59	libxcb-sync1
59	libgpm2
58	python3-six
58	python3-greenlet
58	lsb-base
58	libxkbcommon-x11-0
58	libwayland-cursor0
57	python3-markupsafe
57	libxcb-icccm4
57	libcap2
57	libattr1
56	python3-jsonpatch
56	python3-commandnotfound
56	libxcb-util1
56	libargon2-1
56	ec2-instance-connect
55	python3-blinker
55	libxau-dev
55	libsm6
55	libmtdev1
55	libmsgpackc2
54	ssh-import-id
54	liblocale-gettext-perl
54	hostname
54	hibagent
53	python3-service-identity
53	python3-secretstorage
53	python3-ptyprocess
52	libgdk-pixbuf2.0-common
52	glib-networking-common
51	ubuntu-standard
51	ubuntu-minimal
51	python3-twisted-bin
51	libxcb-render-util0
51	libxcb-image0
51	libaprutil1-dbd-sqlite3
51	glib-networking-services
50	libutempter0
50	gcc
49	libpam-cap
48	libtext-iconv-perl
48	libsoup-gnome2.4-1
48	libpython3-dev
48	libnfnetlink0
47	libxfixes3
47	libkeyutils1
47	grub-gfxpayload-lists
46	ubuntu-keyring
46	libxcb-dri2-0
46	libalgorithm-diff-xs-perl
45	nginx
45	libdrm-common
45	libcap-ng0
45	libatomic1
45	friendly-recovery
44	run-one
44	python3-json-pointer
44	libxtst6
44	libatk1.0-data
43	python3-importlib-metadata
43	netbase
43	motd-news-config
43	libxdmcp6
43	libsigsegv2
43	libblockdev-swap2
43	libaprutil1-ldap
42	libxcb-keysyms1
42	libxcb-dri3-0
42	libsensors-config
42	libmnl0
42	libalgorithm-merge-perl
41	libxmuu1
41	libtext-charwidth-perl
40	python3-constantly
40	libjson-glib-1.0-common
40	libgdbm-compat4
39	libxxf86vm1
38	libpython3-stdlib
38	libpython2-stdlib
37	libxcb-xinerama0
37	libxcb-shape0
37	libeatmydata1
36	libxcb-shm0
36	libxcb-present0
36	libsemanage-common
36	libnpth0
36	command-not-found
35	libxau6
35	libblockdev-part-err2
35	libaio1
34	python3-requests-unixsocket
34	libwayland-egl1
34	libblockdev-loop2
33	libxinerama1
32	python3-distro-info
32	libxcomposite1
31	sg3-utils-udev
31	libxdamage1
31	cloud-initramfs-dyn-netconf
30	libwacom-bin
30	libestr0
29	finalrd
28	secureboot-db
27	python3-zipp
26	libjpeg8
25	zerofree
25	powermgmt-base
25	libtext-wrapi18n-perl
25	cloud-initramfs-copymods
24	libaudit-common
24	eatmydata
23	python3-entrypoints
22	lxd-agent-loader
22	libxshmfence1
21	init
21	build-essential
18	tpm-udev
18	python3-debconf
18	libpthread-stubs0-dev
18	distro-info-data
16	g++
15	microcode-initrd
11	x11proto-xext-dev
11	x11proto-core-dev
11	python3-neovim
11	python3-dev
10	linux-image-aws
10	linux-headers-aws
10	linux-aws
