2024_12_31 7:27:47telegram send message failed : 
2024_12_31 7:28:32telegram send message failed : 
2024_12_31 7:28:49telegram send message failed : 
2024_12_31 7:35:25telegram send message failed : 
2024_12_31 7:38:0telegram send message failed : 
2024_12_31 7:45:5telegram send message failed : 
2024_12_31 7:45:18telegram send message failed : 
2024_12_31 7:46:7telegram send message failed : 
2024_12_31 7:46:38telegram send message failed : 
2024_12_31 7:47:14telegram send message failed : 
2024_12_31 7:48:59telegram send message failed : 
2024_12_31 7:49:45telegram send message failed : 
2024_12_31 7:50:8telegram send message failed : 
2024_12_31 7:50:31telegram send message failed : 
2024_12_31 7:52:3telegram send message failed : 
2024_12_31 21:16:25telegram send message failed : 
2025_1_2 1:11:17telegram send message failed : 
2025_1_2 1:12:27telegram send message failed : 
2025_1_2 1:15:4telegram send message failed : 
2025_1_2 10:34:6telegram send message failed : 
2025_1_2 14:27:45telegram send message failed : 
2025_1_2 20:40:22telegram send message failed : 
2025_1_2 23:40:31telegram send message failed : 
2025_1_4 6:11:46telegram send message failed : 
2025_1_9 1:29:46telegram send message failed : 
2025_1_9 2:0:40telegram send message failed : 
2025_1_9 2:55:54telegram send message failed : 
2025_1_9 2:56:8telegram send message failed : 
2025_1_9 3:41:30telegram send message failed : 
2025_1_9 3:43:59telegram send message failed : 
2025_1_9 3:54:15telegram send message failed : 
2025_1_9 4:3:58telegram send message failed : 
2025_1_9 4:4:14telegram send message failed : 
2025_1_9 4:5:11telegram send message failed : 
2025_1_9 4:50:24telegram send message failed : 
2025_1_9 5:17:30telegram send message failed : 
2025_1_9 9:4:53telegram send message failed : 
2025_1_9 14:42:20telegram send message failed : 
2025_1_9 21:56:0telegram send message failed : 
2025_1_10 13:42:19telegram send message failed : 
2025_1_10 13:45:15telegram send message failed : 
2025_1_10 16:47:1telegram send message failed : 
2025_1_11 0:36:2telegram send message failed : 
2025_1_12 3:20:23telegram send message failed : 
2025_1_13 5:2:35telegram send message failed : 
2025_1_13 10:31:7telegram send message failed : 
2025_1_13 10:32:2telegram send message failed : 
2025_1_13 10:34:47telegram send message failed : 
2025_1_13 12:34:7telegram send message failed : 
2025_1_13 12:34:21telegram send message failed : 
2025_1_13 12:43:28telegram send message failed : 
2025_1_13 12:43:55telegram send message failed : 
2025_1_13 12:44:24telegram send message failed : 
2025_1_13 12:45:53telegram send message failed : 
2025_1_20 0:26:11telegram send message failed : 
2025_1_20 7:48:20telegram send message failed : 
2025_1_20 22:41:33telegram send message failed : 
2025_1_21 3:10:7telegram send message failed : 
2025_1_21 6:26:10telegram send message failed : 
2025_1_21 9:44:15telegram send message failed : 
2025_1_21 12:31:14telegram send message failed : 
2025_1_21 12:40:37telegram send message failed : 
2025_1_22 1:0:55telegram send message failed : 
2025_1_22 8:54:31telegram send message failed : 
2025_1_22 10:17:21telegram send message failed : 
2025_1_22 10:20:21telegram send message failed : 
2025_1_22 20:42:38telegram send message failed : 
2025_1_23 8:7:32telegram send message failed : 
2025_1_23 8:41:5telegram send message failed : 
2025_1_23 23:19:28telegram send message failed : 
2025_1_24 1:26:48telegram send message failed : 
2025_1_24 2:4:9telegram send message failed : 
2025_1_24 3:0:39telegram send message failed : 
2025_1_24 3:2:5telegram send message failed : 
Arbitration :
 bt.ask_price = 1499
 ub.bid_price = 1499
2025_1_24 3:3:24telegram send message failed : 
 ub.hold_position = 0, sleep 60sec
2025_1_24 3:7:33telegram send message failed : 
 ub.hold_position = 0, sleep 60sec
2025_1_24 3:8:39telegram send message failed : 
Arbitration(Limit_Done in UB) :
 bt.trade_price = 1501
 ub.trade_price = 1502
2025_1_24 3:8:44telegram send message failed : 
 ub.hold_position = 0, sleep 60sec
2025_1_24 5:10:0telegram send message failed : 
2025_1_24 8:7:59telegram send message failed : 
2025_1_24 8:45:10telegram send message failed : 
2025_1_24 9:5:59telegram send message failed : 
2025_1_24 9:7:58telegram send message failed : 
2025_1_24 15:41:6telegram send message failed : 
2025_1_26 1:24:39telegram send message failed : 
2025_1_26 14:59:46telegram send message failed : 
2025_1_27 1:56:24telegram send message failed : 
2025_1_27 1:58:0telegram send message failed : 
2025_1_27 2:5:37telegram send message failed : 
2025_1_27 2:10:26telegram send message failed : 
2025_1_27 8:43:7telegram send message failed : 
2025_1_27 23:22:27telegram send message failed : 
2025_1_31 23:8:15telegram send message failed : 
2025_2_1 8:38:28telegram send message failed : 
2025_2_2 20:32:50telegram send message failed : 
2025_2_2 23:30:16telegram send message failed : 
2025_2_2 23:50:53telegram send message failed : 
2025_2_2 23:52:39telegram send message failed : 
2025_2_3 1:48:20telegram send message failed : 
2025_2_3 2:31:53telegram send message failed : 
2025_2_3 3:42:24telegram send message failed : 
2025_2_3 3:54:33telegram send message failed : 
2025_2_3 22:39:23telegram send message failed : 
2025_2_3 22:40:38telegram send message failed : 
2025_2_4 17:0:8telegram send message failed : 
2025_2_4 21:57:13telegram send message failed : 
2025_2_5 4:50:7telegram send message failed : 
2025_2_5 22:27:20telegram send message failed : 
2025_2_6 2:19:40telegram send message failed : 
2025_2_6 6:19:13telegram send message failed : 
2025_2_6 23:20:18telegram send message failed : 
2025_2_7 5:1:5telegram send message failed : 
2025_2_7 11:29:18telegram send message failed : 
2025_2_8 0:37:55telegram send message failed : 
2025_2_10 3:28:57telegram send message failed : 
2025_2_10 3:40:53telegram send message failed : 
2025_2_10 8:57:26telegram send message failed : 
2025_2_11 23:1:48telegram send message failed : 
2025_2_12 6:52:26telegram send message failed : 
2025_2_12 8:53:28telegram send message failed : 
2025_2_12 13:37:56telegram send message failed : 
2025_2_12 14:31:37telegram send message failed : 
2025_2_12 14:41:2telegram send message failed : 
2025_2_12 21:57:14telegram send message failed : 
2025_2_12 23:34:46telegram send message failed : 
2025_2_13 7:52:56telegram send message failed : 
2025_2_13 21:13:54telegram send message failed : 
2025_2_15 0:31:33telegram send message failed : 
2025_2_16 2:19:43telegram send message failed : 
2025_2_16 23:18:20telegram send message failed : 
2025_2_17 13:6:22telegram send message failed : 
2025_2_17 15:33:27telegram send message failed : 
2025_2_17 22:6:53telegram send message failed : 
2025_2_18 5:46:21telegram send message failed : 
2025_2_18 7:15:36telegram send message failed : 
2025_2_18 11:47:56telegram send message failed : 
2025_2_18 13:19:36telegram send message failed : 
Arbitration :
 bt.ask_price = 1503
 ub.bid_price = 1504
2025_2_18 13:19:43telegram send message failed : 
Arbitration :
 bt.ask_price = 1503
 ub.bid_price = 1504
2025_2_18 13:19:49telegram send message failed : 
 ub.hold_position = 0, sleep 60sec
2025_2_18 13:22:58telegram send message failed : 
 ub.hold_position = 0, sleep 60sec
2025_2_18 13:33:14telegram send message failed : 
Arbitration :
 bt.ask_price = 1503
 ub.bid_price = 1504
2025_2_18 21:11:11telegram send message failed : 
2025_2_19 6:44:23telegram send message failed : 
2025_2_19 6:46:33telegram send message failed : 
2025_2_20 2:11:10telegram send message failed : 
2025_2_20 9:26:20telegram send message failed : 
2025_2_20 13:37:37telegram send message failed : 
2025_2_20 21:35:13telegram send message failed : 
2025_2_21 9:56:21telegram send message failed : 
2025_2_21 14:56:31telegram send message failed : 
2025_2_22 0:42:39telegram send message failed : 
2025_3_1 16:8:17telegram send message failed : 
2025_3_2 0:50:48telegram send message failed : 
2025_3_2 1:55:21telegram send message failed : 
2025_3_2 2:18:2telegram send message failed : 
